mode: set
github.com/GhvstCode/twillight/main.go:14.57,21.2 3 0
github.com/GhvstCode/twillight/sms.go:24.47,25.32 1 0
github.com/GhvstCode/twillight/sms.go:25.32,27.3 1 0
github.com/GhvstCode/twillight/sms.go:31.51,32.32 1 0
github.com/GhvstCode/twillight/sms.go:32.32,34.3 1 0
github.com/GhvstCode/twillight/sms.go:38.50,39.32 1 0
github.com/GhvstCode/twillight/sms.go:39.32,41.3 1 0
github.com/GhvstCode/twillight/sms.go:45.123,47.27 2 0
github.com/GhvstCode/twillight/sms.go:50.2,51.17 2 0
github.com/GhvstCode/twillight/sms.go:47.27,49.3 1 0
github.com/GhvstCode/twillight/sms.go:56.131,58.27 2 0
github.com/GhvstCode/twillight/sms.go:61.2,62.17 2 0
github.com/GhvstCode/twillight/sms.go:58.27,60.3 1 0
github.com/GhvstCode/twillight/sms.go:66.148,68.27 2 0
github.com/GhvstCode/twillight/sms.go:71.2,73.17 2 0
github.com/GhvstCode/twillight/sms.go:68.27,70.3 1 0
github.com/GhvstCode/twillight/sms.go:77.80,80.2 2 0
github.com/GhvstCode/twillight/sms.go:83.103,86.2 2 0
github.com/GhvstCode/twillight/sms.go:89.82,92.2 2 0
github.com/GhvstCode/twillight/sms.go:96.111,99.2 2 0
github.com/GhvstCode/twillight/sms.go:103.86,106.2 2 0
github.com/GhvstCode/twillight/sms.go:110.80,113.2 2 0
github.com/GhvstCode/twillight/sms.go:117.75,120.2 2 0
github.com/GhvstCode/twillight/verify.go:12.49,13.32 1 0
github.com/GhvstCode/twillight/verify.go:13.32,15.3 1 0
github.com/GhvstCode/twillight/verify.go:19.45,20.32 1 0
github.com/GhvstCode/twillight/verify.go:20.32,22.3 1 0
github.com/GhvstCode/twillight/verify.go:26.47,27.32 1 0
github.com/GhvstCode/twillight/verify.go:27.32,29.3 1 0
github.com/GhvstCode/twillight/verify.go:33.63,34.32 1 0
github.com/GhvstCode/twillight/verify.go:34.32,36.3 1 0
github.com/GhvstCode/twillight/verify.go:40.59,41.32 1 0
github.com/GhvstCode/twillight/verify.go:41.32,43.3 1 0
github.com/GhvstCode/twillight/verify.go:47.124,49.27 2 0
github.com/GhvstCode/twillight/verify.go:52.2,53.17 2 0
github.com/GhvstCode/twillight/verify.go:49.27,51.3 1 0
github.com/GhvstCode/twillight/verify.go:56.106,59.2 2 0
github.com/GhvstCode/twillight/verify.go:61.110,64.2 2 0
github.com/GhvstCode/twillight/verify.go:66.60,69.2 2 0
github.com/GhvstCode/twillight/verify.go:71.89,74.2 2 0
github.com/GhvstCode/twillight/verify.go:77.114,80.2 2 0
github.com/GhvstCode/twillight/verify.go:82.124,85.2 2 1
github.com/GhvstCode/twillight/verify.go:88.131,91.2 2 0
github.com/GhvstCode/twillight/verify.go:93.131,96.2 2 0
github.com/GhvstCode/twillight/account.go:8.72,11.2 2 0
